<?xml version="1.0" encoding="UTF-8"?>
<testsuite xmlns:xsi="http://www.w3.org/2001/XMLSchema-instance" xsi:noNamespaceSchemaLocation="https://maven.apache.org/surefire/maven-surefire-plugin/xsd/surefire-test-report-3.0.xsd" version="3.0" name="com.seek.candidate.CandidateApplicationTests" time="8.026" tests="1" errors="0" skipped="0" failures="0">
  <properties>
[...]
</properties>
  <testcase name="contextLoads" classname="com.seek.candidate.CandidateApplicationTests" time="0.958">
    <system-out><![CDATA[13:42:45.516 [main] INFO org.springframework.test.context.support.AnnotationConfigContextLoaderUtils -- Could not detect default configuration classes for test class [com.seek.candidate.CandidateApplicationTests]: CandidateApplicationTests does not declare any static, non-private, non-final, nested classes annotated with @Configuration.
13:42:45.630 [main] INFO org.springframework.boot.test.context.SpringBootTestContextBootstrapper -- Found @SpringBootConfiguration com.seek.candidate.CandidateApplication for test class com.seek.candidate.CandidateApplicationTests
13:42:45.805 [main] INFO org.springframework.boot.devtools.restart.RestartApplicationListener -- Restart disabled due to context in which it is running

  .   ____          _            __ _ _
 /\\ / ___'_ __ _ _(_)_ __  __ _ \ \ \ \
( ( )\___ | '_ | '_| | '_ \/ _` | \ \ \ \
 \\/  ___)| |_)| | | | | || (_| |  ) ) ) )
  '  |____| .__|_| |_|_| |_\__, | / / / /
 =========|_|==============|___/=/_/_/_/

 :: Spring Boot ::                (v3.3.4)

2024-10-17T13:42:46.096-05:00  INFO 23076 --- [candidate] [           main] c.s.candidate.CandidateApplicationTests  : Starting CandidateApplicationTests using Java 21.0.2 with PID 23076 (started by jefferson.caceres in C:\Users\jefferson.caceres\Desktop\Proyecto Personal\seek\CandidateSeek)
2024-10-17T13:42:46.097-05:00  INFO 23076 --- [candidate] [           main] c.s.candidate.CandidateApplicationTests  : No active profile set, falling back to 1 default profile: "default"
2024-10-17T13:42:47.292-05:00  INFO 23076 --- [candidate] [           main] .s.d.r.c.RepositoryConfigurationDelegate : Bootstrapping Spring Data JPA repositories in DEFAULT mode.
2024-10-17T13:42:47.397-05:00  INFO 23076 --- [candidate] [           main] .s.d.r.c.RepositoryConfigurationDelegate : Finished Spring Data repository scanning in 96 ms. Found 2 JPA repository interfaces.
2024-10-17T13:42:48.113-05:00 DEBUG 23076 --- [candidate] [           main] o.f.c.i.s.classpath.ClassPathScanner     : Scanning for classpath resources at 'classpath:db/callback' ...
2024-10-17T13:42:48.113-05:00 DEBUG 23076 --- [candidate] [           main] o.f.c.i.s.classpath.ClassPathScanner     : Determining location urls for classpath:db/callback using ClassLoader jdk.internal.loader.ClassLoaders$AppClassLoader@70dea4e ...
2024-10-17T13:42:48.114-05:00 DEBUG 23076 --- [candidate] [           main] o.f.c.i.s.classpath.ClassPathScanner     : Unable to resolve location classpath:db/callback.
2024-10-17T13:42:48.114-05:00 DEBUG 23076 --- [candidate] [           main] o.f.c.i.s.classpath.ClassPathScanner     : Scanning for classpath resources at 'classpath:db/migration' ...
2024-10-17T13:42:48.114-05:00 DEBUG 23076 --- [candidate] [           main] o.f.c.i.s.classpath.ClassPathScanner     : Determining location urls for classpath:db/migration using ClassLoader jdk.internal.loader.ClassLoaders$AppClassLoader@70dea4e ...
2024-10-17T13:42:48.114-05:00 DEBUG 23076 --- [candidate] [           main] o.f.c.i.s.classpath.ClassPathScanner     : Scanning URL: file:/C:/Users/jefferson.caceres/Desktop/Proyecto%20Personal/seek/CandidateSeek/target/classes/db/migration
2024-10-17T13:42:48.116-05:00 DEBUG 23076 --- [candidate] [           main] i.s.c.FileSystemClassPathLocationScanner : Scanning starting at classpath root in filesystem: C:\Users\jefferson.caceres\Desktop\Proyecto Personal\seek\CandidateSeek\target\classes\
2024-10-17T13:42:48.116-05:00 DEBUG 23076 --- [candidate] [           main] i.s.c.FileSystemClassPathLocationScanner : Scanning for resources in path: C:\Users\jefferson.caceres\Desktop\Proyecto Personal\seek\CandidateSeek\target\classes\db\migration (db/migration)
2024-10-17T13:42:48.118-05:00 DEBUG 23076 --- [candidate] [           main] o.f.c.i.s.classpath.ClassPathScanner     : Found resource: db/migration/V1__Create_status_table.sql
2024-10-17T13:42:48.118-05:00 DEBUG 23076 --- [candidate] [           main] o.f.c.i.s.classpath.ClassPathScanner     : Found resource: db/migration/V2__Create_candidate_table.sql
2024-10-17T13:42:48.118-05:00 DEBUG 23076 --- [candidate] [           main] o.f.c.i.s.classpath.ClassPathScanner     : Found resource: db/migration/V3__Create_status_insert.sql
2024-10-17T13:42:48.118-05:00 DEBUG 23076 --- [candidate] [           main] o.f.c.i.s.classpath.ClassPathScanner     : Found resource: db/migration/V4__Create_candidate_insert.sql
2024-10-17T13:42:48.119-05:00 DEBUG 23076 --- [candidate] [           main] o.f.c.i.s.classpath.ClassPathScanner     : Scanning for classes at classpath:db/migration
2024-10-17T13:42:48.122-05:00 DEBUG 23076 --- [candidate] [           main] o.f.c.i.resource.ResourceNameValidator   : Validating V4__Create_candidate_insert.sql
2024-10-17T13:42:48.128-05:00  INFO 23076 --- [candidate] [           main] com.zaxxer.hikari.HikariDataSource       : HikariPool-1 - Starting...
2024-10-17T13:42:48.589-05:00  INFO 23076 --- [candidate] [           main] com.zaxxer.hikari.pool.HikariPool        : HikariPool-1 - Added connection com.mysql.cj.jdbc.ConnectionImpl@10618775
2024-10-17T13:42:48.591-05:00  INFO 23076 --- [candidate] [           main] com.zaxxer.hikari.HikariDataSource       : HikariPool-1 - Start completed.
2024-10-17T13:42:48.639-05:00 DEBUG 23076 --- [candidate] [           main] o.f.c.i.resource.ResourceNameValidator   : Validating V1__Create_status_table.sql
2024-10-17T13:42:48.639-05:00 DEBUG 23076 --- [candidate] [           main] o.f.c.i.resource.ResourceNameValidator   : Validating V3__Create_status_insert.sql
2024-10-17T13:42:48.639-05:00 DEBUG 23076 --- [candidate] [           main] o.f.c.i.resource.ResourceNameValidator   : Validating V2__Create_candidate_table.sql
2024-10-17T13:42:48.656-05:00  INFO 23076 --- [candidate] [           main] org.flywaydb.core.FlywayExecutor         : Database: jdbc:mysql://127.0.0.1:3306/candidate (MySQL 8.0)
2024-10-17T13:42:48.657-05:00 DEBUG 23076 --- [candidate] [           main] org.flywaydb.core.FlywayExecutor         : Driver: MySQL Connector/J mysql-connector-j-8.3.0 (Revision: 805f872a57875f311cb82487efcfb070411a3fa0)
2024-10-17T13:42:48.657-05:00 DEBUG 23076 --- [candidate] [           main] org.flywaydb.core.FlywayExecutor         : DDL Transactions Supported: false
2024-10-17T13:42:48.658-05:00 DEBUG 23076 --- [candidate] [           main] o.f.c.i.s.SchemaHistoryFactory           : Schemas: 
2024-10-17T13:42:48.659-05:00 DEBUG 23076 --- [candidate] [           main] o.f.c.i.s.SchemaHistoryFactory           : Default schema: null
2024-10-17T13:42:48.677-05:00 DEBUG 23076 --- [candidate] [           main] o.f.c.i.c.SqlScriptCallbackFactory       : Scanning for SQL callbacks ...
2024-10-17T13:42:48.689-05:00 DEBUG 23076 --- [candidate] [           main] o.f.core.internal.command.DbValidate     : Validating migrations ...
2024-10-17T13:42:48.694-05:00 DEBUG 23076 --- [candidate] [           main] o.f.c.a.c.ClassicConfiguration           : CherryPickConfigurationExtension not found
2024-10-17T13:42:48.709-05:00 DEBUG 23076 --- [candidate] [           main] o.f.core.internal.scanner.Scanner        : Filtering out resource: db/migration/V4__Create_candidate_insert.sql (filename: V4__Create_candidate_insert.sql)
2024-10-17T13:42:48.709-05:00 DEBUG 23076 --- [candidate] [           main] o.f.core.internal.scanner.Scanner        : Filtering out resource: db/migration/V1__Create_status_table.sql (filename: V1__Create_status_table.sql)
2024-10-17T13:42:48.709-05:00 DEBUG 23076 --- [candidate] [           main] o.f.core.internal.scanner.Scanner        : Filtering out resource: db/migration/V3__Create_status_insert.sql (filename: V3__Create_status_insert.sql)
2024-10-17T13:42:48.709-05:00 DEBUG 23076 --- [candidate] [           main] o.f.core.internal.scanner.Scanner        : Filtering out resource: db/migration/V2__Create_candidate_table.sql (filename: V2__Create_candidate_table.sql)
2024-10-17T13:42:48.710-05:00 DEBUG 23076 --- [candidate] [           main] o.f.core.internal.scanner.Scanner        : Filtering out resource: db/migration/V4__Create_candidate_insert.sql (filename: V4__Create_candidate_insert.sql)
2024-10-17T13:42:48.710-05:00 DEBUG 23076 --- [candidate] [           main] o.f.core.internal.scanner.Scanner        : Filtering out resource: db/migration/V1__Create_status_table.sql (filename: V1__Create_status_table.sql)
2024-10-17T13:42:48.710-05:00 DEBUG 23076 --- [candidate] [           main] o.f.core.internal.scanner.Scanner        : Filtering out resource: db/migration/V3__Create_status_insert.sql (filename: V3__Create_status_insert.sql)
2024-10-17T13:42:48.710-05:00 DEBUG 23076 --- [candidate] [           main] o.f.core.internal.scanner.Scanner        : Filtering out resource: db/migration/V2__Create_candidate_table.sql (filename: V2__Create_candidate_table.sql)
2024-10-17T13:42:48.740-05:00  INFO 23076 --- [candidate] [           main] o.f.core.internal.command.DbValidate     : Successfully validated 4 migrations (execution time 00:00.050s)
2024-10-17T13:42:48.745-05:00 DEBUG 23076 --- [candidate] [           main] o.f.core.internal.command.DbSchemas      : Skipping creation of existing schema: `candidate`
2024-10-17T13:42:48.756-05:00 DEBUG 23076 --- [candidate] [           main] o.f.c.a.c.ClassicConfiguration           : CherryPickConfigurationExtension not found
2024-10-17T13:42:48.760-05:00  INFO 23076 --- [candidate] [           main] o.f.core.internal.command.DbMigrate      : Current version of schema `candidate`: 4
2024-10-17T13:42:48.764-05:00  INFO 23076 --- [candidate] [           main] o.f.core.internal.command.DbMigrate      : Schema `candidate` is up to date. No migration necessary.
2024-10-17T13:42:48.772-05:00 DEBUG 23076 --- [candidate] [           main] org.flywaydb.core.FlywayExecutor         : Memory usage: 29 of 80M
2024-10-17T13:42:48.932-05:00  INFO 23076 --- [candidate] [           main] o.hibernate.jpa.internal.util.LogHelper  : HHH000204: Processing PersistenceUnitInfo [name: default]
2024-10-17T13:42:49.059-05:00  INFO 23076 --- [candidate] [           main] org.hibernate.Version                    : HHH000412: Hibernate ORM core version 6.5.3.Final
2024-10-17T13:42:49.119-05:00  INFO 23076 --- [candidate] [           main] o.h.c.internal.RegionFactoryInitiator    : HHH000026: Second-level cache disabled
2024-10-17T13:42:49.619-05:00  INFO 23076 --- [candidate] [           main] o.s.o.j.p.SpringPersistenceUnitInfo      : No LoadTimeWeaver setup: ignoring JPA class transformer
2024-10-17T13:42:50.951-05:00  INFO 23076 --- [candidate] [           main] o.h.e.t.j.p.i.JtaPlatformInitiator       : HHH000489: No JTA platform available (set 'hibernate.transaction.jta.platform' to enable JTA platform integration)
2024-10-17T13:42:50.954-05:00  INFO 23076 --- [candidate] [           main] j.LocalContainerEntityManagerFactoryBean : Initialized JPA EntityManagerFactory for persistence unit 'default'
2024-10-17T13:42:51.270-05:00  WARN 23076 --- [candidate] [           main] o.s.security.core.userdetails.User       : User.withDefaultPasswordEncoder() is considered unsafe for production and is only intended for sample applications.
2024-10-17T13:42:51.422-05:00  WARN 23076 --- [candidate] [           main] o.s.security.core.userdetails.User       : User.withDefaultPasswordEncoder() is considered unsafe for production and is only intended for sample applications.
2024-10-17T13:42:51.534-05:00  INFO 23076 --- [candidate] [           main] r$InitializeUserDetailsManagerConfigurer : Global AuthenticationManager configured with UserDetailsService bean with name userDetailsService
2024-10-17T13:42:51.570-05:00  WARN 23076 --- [candidate] [           main] JpaBaseConfiguration$JpaWebConfiguration : spring.jpa.open-in-view is enabled by default. Therefore, database queries may be performed during view rendering. Explicitly configure spring.jpa.open-in-view to disable this warning
2024-10-17T13:42:52.382-05:00  INFO 23076 --- [candidate] [           main] c.s.candidate.CandidateApplicationTests  : Started CandidateApplicationTests in 6.592 seconds (process running for 7.728)
]]></system-out>
    <system-err><![CDATA[WARNING: A Java agent has been loaded dynamically (C:\Users\jefferson.caceres\.m2\repository\net\bytebuddy\byte-buddy-agent\1.14.19\byte-buddy-agent-1.14.19.jar)
WARNING: If a serviceability tool is in use, please run with -XX:+EnableDynamicAgentLoading to hide this warning
WARNING: If a serviceability tool is not in use, please run with -Djdk.instrument.traceUsage for more information
WARNING: Dynamic loading of agents will be disallowed by default in a future release
]]></system-err>
  </testcase>
</testsuite>